<?xml version="1.0" encoding="UTF-8"?>
<!-- Generated by org.testng.reporters.JUnitXMLReporter -->
<testsuite ignored="3" hostname="ESLLAP-3639" failures="0" tests="2" name="AccountsTest" time="5.269" errors="0" timestamp="2022-05-11T16:29:38 IST">
  <testcase classname="jarvis.tests.LoginTest" name="loginTest" time="4.798"/>
  <testcase classname="jarvis.tests.ShoppingCartTest" name="shoppingcartTest" time="0.002"/>
  <testcase classname="configs.Base" name="@AfterSuite afterClass" time="0.0">
    <ignored/>
  </testcase> <!-- @AfterSuite afterClass -->
  <testcase classname="configs.Base" name="@BeforeSuite beforeSuite" time="0.0">
    <ignored/>
  </testcase> <!-- @BeforeSuite beforeSuite -->
  <testcase classname="configs.Base" name="@BeforeTest report" time="0.0">
    <ignored/>
  </testcase> <!-- @BeforeTest report -->
</testsuite> <!-- AccountsTest -->
