<?xml version="1.0" encoding="UTF-8"?>
<!-- Generated by org.testng.reporters.JUnitXMLReporter -->
<testsuite ignored="4" hostname="DESKTOP-39G43KO" failures="0" tests="1" name="AccountsTest" time="16.905" errors="0" timestamp="2022-05-05T19:28:31 IST">
  <testcase classname="jarvis.testscripts.LoginTest" name="loginTest" time="14.4"/>
  <testcase classname="configs.StartBrowser" name="@BeforeTest generateReport" time="0.0">
    <ignored/>
  </testcase> <!-- @BeforeTest generateReport -->
  <testcase classname="configs.StartBrowser" name="@BeforeSuite beforeClass" time="0.0">
    <ignored/>
  </testcase> <!-- @BeforeSuite beforeClass -->
  <testcase classname="jarvis.testscripts.ShoppingCart" name="shoppingcartTest" time="0.0">
    <ignored/>
  </testcase> <!-- shoppingcartTest -->
  <testcase classname="configs.StartBrowser" name="@AfterSuite afterClass" time="0.0">
    <ignored/>
  </testcase> <!-- @AfterSuite afterClass -->
</testsuite> <!-- AccountsTest -->
