<?xml version="1.0" encoding="UTF-8"?>
<testng-results ignored="0" total="1" passed="1" failed="0" skipped="0">
  <reporter-output>
  </reporter-output>
  <suite started-at="2022-05-10T13:36:08 IST" name="Default suite" finished-at="2022-05-10T13:36:12 IST" duration-ms="3912">
    <groups>
      <group name="regression">
        <method signature="LoginTest.loginTest()[pri:0, instance:jarvis.tests.LoginTest@18d87d80]" name="loginTest" class="jarvis.tests.LoginTest"/>
      </group> <!-- regression -->
      <group name="login">
        <method signature="LoginTest.loginTest()[pri:0, instance:jarvis.tests.LoginTest@18d87d80]" name="loginTest" class="jarvis.tests.LoginTest"/>
      </group> <!-- login -->
    </groups>
    <test started-at="2022-05-10T13:36:08 IST" name="Default test" finished-at="2022-05-10T13:36:12 IST" duration-ms="3912">
      <class name="jarvis.tests.LoginTest">
        <test-method is-config="true" signature="beforeSuite()[pri:0, instance:jarvis.tests.LoginTest@18d87d80]" started-at="2022-05-10T13:36:01 IST" name="beforeSuite" finished-at="2022-05-10T13:36:08 IST" duration-ms="7092" status="PASS">
          <reporter-output>
          </reporter-output>
        </test-method> <!-- beforeSuite -->
        <test-method is-config="true" signature="generateReport()[pri:0, instance:jarvis.tests.LoginTest@18d87d80]" started-at="2022-05-10T13:36:08 IST" name="generateReport" finished-at="2022-05-10T13:36:09 IST" duration-ms="563" status="PASS">
          <reporter-output>
          </reporter-output>
        </test-method> <!-- generateReport -->
        <test-method is-config="true" signature="methodName(java.lang.reflect.Method)[pri:0, instance:jarvis.tests.LoginTest@18d87d80]" started-at="2022-05-10T13:36:09 IST" name="methodName" finished-at="2022-05-10T13:36:09 IST" duration-ms="12" status="PASS">
          <params>
            <param index="0">
              <value>
                <![CDATA[public void jarvis.tests.LoginTest.loginTest() throws java.lang.Exception]]>
              </value>
            </param>
          </params>
          <reporter-output>
          </reporter-output>
        </test-method> <!-- methodName -->
        <test-method signature="loginTest()[pri:0, instance:jarvis.tests.LoginTest@18d87d80]" started-at="2022-05-10T13:36:09 IST" name="loginTest" finished-at="2022-05-10T13:36:12 IST" duration-ms="3261" status="PASS">
          <reporter-output>
          </reporter-output>
        </test-method> <!-- loginTest -->
        <test-method is-config="true" signature="afterClass()[pri:0, instance:jarvis.tests.LoginTest@18d87d80]" started-at="2022-05-10T13:36:12 IST" name="afterClass" finished-at="2022-05-10T13:36:13 IST" duration-ms="512" status="PASS">
          <reporter-output>
          </reporter-output>
        </test-method> <!-- afterClass -->
      </class> <!-- jarvis.tests.LoginTest -->
    </test> <!-- Default test -->
  </suite> <!-- Default suite -->
</testng-results>
